<?xml version="1.0" encoding="UTF-8"?>
<testng-results ignored="0" total="1" passed="1" failed="0" skipped="0">
  <reporter-output>
  </reporter-output>
  <suite started-at="2021-09-20T16:47:41 IST" name="Default suite" finished-at="2021-09-20T16:48:13 IST" duration-ms="31324">
    <groups>
    </groups>
    <test started-at="2021-09-20T16:47:41 IST" name="Default test" finished-at="2021-09-20T16:48:13 IST" duration-ms="31324">
      <class name="com.vtiger.crm.Amazon">
        <test-method signature="amaz()[pri:0, instance:com.vtiger.crm.Amazon@1e683a3e]" started-at="2021-09-20T16:47:41 IST" name="amaz" finished-at="2021-09-20T16:48:13 IST" duration-ms="31254" status="PASS">
          <reporter-output>
          </reporter-output>
        </test-method> <!-- amaz -->
      </class> <!-- com.vtiger.crm.Amazon -->
    </test> <!-- Default test -->
  </suite> <!-- Default suite -->
</testng-results>
